CRITICAL - 2023-09-15 13:20:17 --> preg_match(): Compilation failed: PCRE2 does not support \F, \L, \l, \N{name}, \U, or \u at offset 12
in SYSTEMPATH\Router\Router.php on line 422.
 1 [internal function]: CodeIgniter\Debug\Exceptions->errorHandler(2, 'preg_match(): Compilation failed: PCRE2 does not support \\F, \\L, \\l, \\N{name}, \\U, or \\u at offset 12', 'C:\\wamp64\\www\\Admin\\system\\Router\\Router.php', 422)
 2 SYSTEMPATH\Router\Router.php(422): preg_match('#^app\\Views\\layouts\\app.php$#u', 'admin', null)
 3 SYSTEMPATH\Router\Router.php(184): CodeIgniter\Router\Router->checkRoutes('admin')
 4 SYSTEMPATH\CodeIgniter.php(800): CodeIgniter\Router\Router->handle('admin')
 5 SYSTEMPATH\CodeIgniter.php(442): CodeIgniter\CodeIgniter->tryToRouteIt(Object(CodeIgniter\Router\RouteCollection))
 6 SYSTEMPATH\CodeIgniter.php(353): CodeIgniter\CodeIgniter->handleRequest(null, Object(Config\Cache), false)
 7 FCPATH\index.php(79): CodeIgniter\CodeIgniter->run()
CRITICAL - 2023-09-15 13:20:28 --> preg_match(): Compilation failed: PCRE2 does not support \F, \L, \l, \N{name}, \U, or \u at offset 12
in SYSTEMPATH\Router\Router.php on line 422.
 1 [internal function]: CodeIgniter\Debug\Exceptions->errorHandler(2, 'preg_match(): Compilation failed: PCRE2 does not support \\F, \\L, \\l, \\N{name}, \\U, or \\u at offset 12', 'C:\\wamp64\\www\\Admin\\system\\Router\\Router.php', 422)
 2 SYSTEMPATH\Router\Router.php(422): preg_match('#^app\\Views\\layouts\\app.php$#u', 'inscription', null)
 3 SYSTEMPATH\Router\Router.php(184): CodeIgniter\Router\Router->checkRoutes('inscription')
 4 SYSTEMPATH\CodeIgniter.php(800): CodeIgniter\Router\Router->handle('inscription')
 5 SYSTEMPATH\CodeIgniter.php(442): CodeIgniter\CodeIgniter->tryToRouteIt(Object(CodeIgniter\Router\RouteCollection))
 6 SYSTEMPATH\CodeIgniter.php(353): CodeIgniter\CodeIgniter->handleRequest(null, Object(Config\Cache), false)
 7 FCPATH\index.php(79): CodeIgniter\CodeIgniter->run()
CRITICAL - 2023-09-15 13:20:30 --> preg_match(): Compilation failed: PCRE2 does not support \F, \L, \l, \N{name}, \U, or \u at offset 12
in SYSTEMPATH\Router\Router.php on line 422.
 1 [internal function]: CodeIgniter\Debug\Exceptions->errorHandler(2, 'preg_match(): Compilation failed: PCRE2 does not support \\F, \\L, \\l, \\N{name}, \\U, or \\u at offset 12', 'C:\\wamp64\\www\\Admin\\system\\Router\\Router.php', 422)
 2 SYSTEMPATH\Router\Router.php(422): preg_match('#^app\\Views\\layouts\\app.php$#u', 'connexion', null)
 3 SYSTEMPATH\Router\Router.php(184): CodeIgniter\Router\Router->checkRoutes('connexion')
 4 SYSTEMPATH\CodeIgniter.php(800): CodeIgniter\Router\Router->handle('connexion')
 5 SYSTEMPATH\CodeIgniter.php(442): CodeIgniter\CodeIgniter->tryToRouteIt(Object(CodeIgniter\Router\RouteCollection))
 6 SYSTEMPATH\CodeIgniter.php(353): CodeIgniter\CodeIgniter->handleRequest(null, Object(Config\Cache), false)
 7 FCPATH\index.php(79): CodeIgniter\CodeIgniter->run()
CRITICAL - 2023-09-15 14:46:22 --> Invalid file: "layouts/default.php"
in SYSTEMPATH\Exceptions\FrameworkException.php on line 39.
 1 SYSTEMPATH\View\View.php(214): CodeIgniter\Exceptions\FrameworkException::forInvalidFile('layouts/default.php')
 2 SYSTEMPATH\View\View.php(242): CodeIgniter\View\View->render('layouts/default', [], true)
 3 SYSTEMPATH\Common.php(1188): CodeIgniter\View\View->render('index_view.php', [], true)
 4 APPPATH\Controllers\Admin.php(9): view('index_view.php')
 5 SYSTEMPATH\CodeIgniter.php(919): App\Controllers\Admin->index()
 6 SYSTEMPATH\CodeIgniter.php(494): CodeIgniter\CodeIgniter->runController(Object(App\Controllers\Admin))
 7 SYSTEMPATH\CodeIgniter.php(353): CodeIgniter\CodeIgniter->handleRequest(null, Object(Config\Cache), false)
 8 FCPATH\index.php(79): CodeIgniter\CodeIgniter->run()
CRITICAL - 2023-09-15 15:06:05 --> Call to undefined method CodeIgniter\View\View::enndSection()
in APPPATH\Views\index_view.php on line 4.
 1 SYSTEMPATH\View\View.php(226): include()
 2 SYSTEMPATH\View\View.php(229): CodeIgniter\View\View->CodeIgniter\View\{closure}()
 3 SYSTEMPATH\Common.php(1188): CodeIgniter\View\View->render('index_view.php', [], true)
 4 APPPATH\Controllers\Admin.php(9): view('index_view.php')
 5 SYSTEMPATH\CodeIgniter.php(919): App\Controllers\Admin->index()
 6 SYSTEMPATH\CodeIgniter.php(494): CodeIgniter\CodeIgniter->runController(Object(App\Controllers\Admin))
 7 SYSTEMPATH\CodeIgniter.php(353): CodeIgniter\CodeIgniter->handleRequest(null, Object(Config\Cache), false)
 8 FCPATH\index.php(79): CodeIgniter\CodeIgniter->run()
CRITICAL - 2023-09-15 15:24:06 --> compact(): Undefined variable $Kamara
in APPPATH\Controllers\Admin.php on line 10.
 1 [internal function]: CodeIgniter\Debug\Exceptions->errorHandler(2, 'compact(): Undefined variable $Kamara', 'C:\\wamp64\\www\\Admin\\app\\Controllers\\Admin.php', 10)
 2 APPPATH\Controllers\Admin.php(10): compact('Kamara')
 3 SYSTEMPATH\CodeIgniter.php(919): App\Controllers\Admin->index()
 4 SYSTEMPATH\CodeIgniter.php(494): CodeIgniter\CodeIgniter->runController(Object(App\Controllers\Admin))
 5 SYSTEMPATH\CodeIgniter.php(353): CodeIgniter\CodeIgniter->handleRequest(null, Object(Config\Cache), false)
 6 FCPATH\index.php(79): CodeIgniter\CodeIgniter->run()
CRITICAL - 2023-09-15 15:42:05 --> View themes, no current section.
in SYSTEMPATH\View\View.php on line 423.
 1 APPPATH\Views\calendar_view.php(99): CodeIgniter\View\View->endSection()
 2 SYSTEMPATH\View\View.php(226): include('C:\\wamp64\\www\\Admin\\app\\Views\\calendar_view.php')
 3 SYSTEMPATH\View\View.php(229): CodeIgniter\View\View->CodeIgniter\View\{closure}()
 4 SYSTEMPATH\Common.php(1188): CodeIgniter\View\View->render('calendar_view.php', [], true)
 5 APPPATH\Controllers\Admin.php(21): view('calendar_view.php')
 6 SYSTEMPATH\CodeIgniter.php(919): App\Controllers\Admin->calendar()
 7 SYSTEMPATH\CodeIgniter.php(494): CodeIgniter\CodeIgniter->runController(Object(App\Controllers\Admin))
 8 SYSTEMPATH\CodeIgniter.php(353): CodeIgniter\CodeIgniter->handleRequest(null, Object(Config\Cache), false)
 9 FCPATH\index.php(79): CodeIgniter\CodeIgniter->run()
